\BOOKMARK [0][-]{chapter.1}{\376\377\000\315\000n\000d\000i\000c\000e\000\040\000d\000o\000s\000\040\000n\000a\000m\000e\000s\000p\000a\000c\000e\000s}{}
\BOOKMARK [1][-]{section.1.1}{\376\377\000L\000i\000s\000t\000a\000\040\000d\000e\000\040\000n\000a\000m\000e\000s\000p\000a\000c\000e\000s}{chapter.1}
\BOOKMARK [0][-]{chapter.2}{\376\377\000\315\000n\000d\000i\000c\000e\000\040\000d\000o\000s\000\040\000c\000o\000m\000p\000o\000n\000e\000n\000t\000e\000s}{}
\BOOKMARK [1][-]{section.2.1}{\376\377\000H\000i\000e\000r\000a\000r\000q\000u\000i\000a\000\040\000d\000e\000\040\000c\000l\000a\000s\000s\000e\000s}{chapter.2}
\BOOKMARK [0][-]{chapter.3}{\376\377\000\315\000n\000d\000i\000c\000e\000\040\000d\000o\000s\000\040\000c\000o\000m\000p\000o\000n\000e\000n\000t\000e\000s}{}
\BOOKMARK [1][-]{section.3.1}{\376\377\000L\000i\000s\000t\000a\000\040\000d\000e\000\040\000c\000o\000m\000p\000o\000n\000e\000n\000t\000e\000s}{chapter.3}
\BOOKMARK [0][-]{chapter.4}{\376\377\000\315\000n\000d\000i\000c\000e\000\040\000d\000o\000s\000\040\000f\000i\000c\000h\000e\000i\000r\000o\000s}{}
\BOOKMARK [1][-]{section.4.1}{\376\377\000L\000i\000s\000t\000a\000\040\000d\000e\000\040\000f\000i\000c\000h\000e\000i\000r\000o\000s}{chapter.4}
\BOOKMARK [0][-]{chapter.5}{\376\377\000D\000o\000c\000u\000m\000e\000n\000t\000a\000\347\000\343\000o\000\040\000d\000o\000s\000\040\000n\000a\000m\000e\000s\000p\000a\000c\000e\000s}{}
\BOOKMARK [1][-]{section.5.1}{\376\377\000R\000e\000f\000e\000r\000\352\000n\000c\000i\000a\000\040\000a\000o\000\040\000n\000a\000m\000e\000s\000p\000a\000c\000e\000\040\000a\000u\000x\000i\000l\000i\000a\000r\000e\000s}{chapter.5}
\BOOKMARK [2][-]{subsection.5.1.1}{\376\377\000D\000o\000c\000u\000m\000e\000n\000t\000a\000\347\000\343\000o\000\040\000d\000a\000s\000\040\000f\000u\000n\000\347\000\365\000e\000s}{section.5.1}
\BOOKMARK [3][-]{subsubsection.5.1.1.1}{\376\377\000c\000r\000i\000p\000t\000o\000g\000r\000a\000f\000a\000r\000\137\000S\000e\000n\000h\000a}{subsection.5.1.1}
\BOOKMARK [3][-]{subsubsection.5.1.1.2}{\376\377\000d\000i\000a\000\137\000S\000e\000m\000a\000n\000a\000\137\000I\000n\000t\0002\000s\000t\000r}{subsection.5.1.1}
\BOOKMARK [1][-]{section.5.2}{\376\377\000R\000e\000f\000e\000r\000\352\000n\000c\000i\000a\000\040\000a\000o\000\040\000n\000a\000m\000e\000s\000p\000a\000c\000e\000\040\000c\000d\000a\000\137\000a\000l\000t\000e\000r\000a\000s\000e\000n\000h\000a}{chapter.5}
\BOOKMARK [1][-]{section.5.3}{\376\377\000R\000e\000f\000e\000r\000\352\000n\000c\000i\000a\000\040\000a\000o\000\040\000n\000a\000m\000e\000s\000p\000a\000c\000e\000\040\000c\000d\000a\000\137\000f\000u\000n\000c\000i\000o\000n\000a\000r\000i\000o\000s}{chapter.5}
\BOOKMARK [1][-]{section.5.4}{\376\377\000R\000e\000f\000e\000r\000\352\000n\000c\000i\000a\000\040\000a\000o\000\040\000n\000a\000m\000e\000s\000p\000a\000c\000e\000\040\000c\000d\000a\000\137\000h\000o\000r\000a\000r\000i\000o\000s}{chapter.5}
\BOOKMARK [1][-]{section.5.5}{\376\377\000R\000e\000f\000e\000r\000\352\000n\000c\000i\000a\000\040\000a\000o\000\040\000n\000a\000m\000e\000s\000p\000a\000c\000e\000\040\000c\000d\000a\000\137\000m\000a\000i\000n\000W\000i\000n\000d\000o\000w}{chapter.5}
\BOOKMARK [1][-]{section.5.6}{\376\377\000R\000e\000f\000e\000r\000\352\000n\000c\000i\000a\000\040\000a\000o\000\040\000n\000a\000m\000e\000s\000p\000a\000c\000e\000\040\000c\000d\000a\000\137\000r\000e\000l\000a\000t\000o\000r\000i\000o\000s}{chapter.5}
\BOOKMARK [1][-]{section.5.7}{\376\377\000R\000e\000f\000e\000r\000\352\000n\000c\000i\000a\000\040\000a\000o\000\040\000n\000a\000m\000e\000s\000p\000a\000c\000e\000\040\000c\000d\000a\000\137\000t\000o\000l\000e\000r\000a\000n\000c\000i\000a\000s}{chapter.5}
\BOOKMARK [1][-]{section.5.8}{\376\377\000R\000e\000f\000e\000r\000\352\000n\000c\000i\000a\000\040\000a\000o\000\040\000n\000a\000m\000e\000s\000p\000a\000c\000e\000\040\000c\000d\000a\000\137\000v\000a\000l\000i\000d\000a\000r\000s\000e\000n\000h\000a}{chapter.5}
\BOOKMARK [1][-]{section.5.9}{\376\377\000R\000e\000f\000e\000r\000\352\000n\000c\000i\000a\000\040\000a\000o\000\040\000n\000a\000m\000e\000s\000p\000a\000c\000e\000\040\000m\000a\000i\000n\000W\000i\000n\000d\000o\000w\000\137\000t\000e\000m\000p}{chapter.5}
\BOOKMARK [2][-]{subsection.5.9.1}{\376\377\000D\000o\000c\000u\000m\000e\000n\000t\000a\000\347\000\343\000o\000\040\000d\000a\000s\000\040\000v\000a\000r\000i\000\341\000v\000e\000i\000s}{section.5.9}
\BOOKMARK [3][-]{subsubsection.5.9.1.1}{\376\377\000\137\000f\000r\000o\000m\000U\000t\000f\0008}{subsection.5.9.1}
\BOOKMARK [1][-]{section.5.10}{\376\377\000R\000e\000f\000e\000r\000\352\000n\000c\000i\000a\000\040\000a\000o\000\040\000n\000a\000m\000e\000s\000p\000a\000c\000e\000\040\000m\000o\000d\000e\000l\000\137\000m\000y\000s\000q\000l}{chapter.5}
\BOOKMARK [2][-]{subsection.5.10.1}{\376\377\000D\000e\000s\000c\000r\000i\000\347\000\343\000o\000\040\000d\000e\000t\000a\000l\000h\000a\000d\000a}{section.5.10}
\BOOKMARK [1][-]{section.5.11}{\376\377\000R\000e\000f\000e\000r\000\352\000n\000c\000i\000a\000\040\000a\000o\000\040\000n\000a\000m\000e\000s\000p\000a\000c\000e\000\040\000v\000i\000e\000w}{chapter.5}
\BOOKMARK [2][-]{subsection.5.11.1}{\376\377\000D\000e\000s\000c\000r\000i\000\347\000\343\000o\000\040\000d\000e\000t\000a\000l\000h\000a\000d\000a}{section.5.11}
\BOOKMARK [2][-]{subsection.5.11.2}{\376\377\000D\000o\000c\000u\000m\000e\000n\000t\000a\000\347\000\343\000o\000\040\000d\000a\000s\000\040\000f\000u\000n\000\347\000\365\000e\000s}{section.5.11}
\BOOKMARK [3][-]{subsubsection.5.11.2.1}{\376\377\000m\000a\000i\000n}{subsection.5.11.2}
\BOOKMARK [3][-]{subsubsection.5.11.2.2}{\376\377\000s\000e\000t\000\137\000p\000r\000o\000c\000\137\000n\000a\000m\000e}{subsection.5.11.2}
\BOOKMARK [0][-]{chapter.6}{\376\377\000D\000o\000c\000u\000m\000e\000n\000t\000a\000\347\000\343\000o\000\040\000d\000a\000\040\000c\000l\000a\000s\000s\000e}{}
\BOOKMARK [1][-]{section.6.1}{\376\377\000R\000e\000f\000e\000r\000\352\000n\000c\000i\000a\000\040\000\340\000\040\000c\000l\000a\000s\000s\000e\000\040\000v\000i\000e\000w\000.\000A\000d\000d\000\137\000F\000u\000n\000c\000i\000o\000n\000a\000r\000i\000o\000s\000\137\000W\000i\000n\000d\000o\000w}{chapter.6}
\BOOKMARK [2][-]{subsection.6.1.1}{\376\377\000D\000e\000s\000c\000r\000i\000\347\000\343\000o\000\040\000d\000e\000t\000a\000l\000h\000a\000d\000a}{section.6.1}
\BOOKMARK [2][-]{subsection.6.1.2}{\376\377\000D\000o\000c\000u\000m\000e\000n\000t\000a\000\347\000\343\000o\000\040\000d\000o\000s\000\040\000C\000o\000n\000s\000t\000r\000u\000t\000o\000r\000e\000s\000\040\000\046\000\040\000D\000e\000s\000t\000r\000u\000t\000o\000r}{section.6.1}
\BOOKMARK [3][-]{subsubsection.6.1.2.1}{\376\377\000\137\000\137\000i\000n\000i\000t\000\137\000\137}{subsection.6.1.2}
\BOOKMARK [2][-]{subsection.6.1.3}{\376\377\000D\000o\000c\000u\000m\000e\000n\000t\000a\000\347\000\343\000o\000\040\000d\000o\000s\000\040\000m\000\351\000t\000o\000d\000o\000s}{section.6.1}
\BOOKMARK [3][-]{subsubsection.6.1.3.1}{\376\377\000a\000d\000i\000c\000i\000o\000n\000a\000\137\000L\000i\000s\000t\000W\000i\000d\000g\000e\000t\000\137\000F\000u\000n\000c\000i\000o\000n\000a\000r\000i\000o\000s}{subsection.6.1.3}
\BOOKMARK [3][-]{subsubsection.6.1.3.2}{\376\377\000a\000d\000i\000c\000i\000o\000n\000a\000\137\000T\000a\000b\000l\000e\000V\000i\000e\000w\000\137\000H\000o\000r\000a\000r\000i\000o\000s}{subsection.6.1.3}
\BOOKMARK [3][-]{subsubsection.6.1.3.3}{\376\377\000a\000t\000u\000a\000l\000i\000z\000a\000\137\000L\000i\000s\000t\000W\000i\000d\000g\000e\000t\000\137\000F\000u\000n\000c\000i\000o\000n\000a\000r\000i\000o\000s}{subsection.6.1.3}
\BOOKMARK [3][-]{subsubsection.6.1.3.4}{\376\377\000c\000e\000n\000t\000e\000r}{subsection.6.1.3}
\BOOKMARK [3][-]{subsubsection.6.1.3.5}{\376\377\000o\000b\000t\000e\000r\000\137\000D\000a\000d\000o\000s\000\137\000H\000o\000r\000a\000r\000i\000o\000s}{subsection.6.1.3}
\BOOKMARK [3][-]{subsubsection.6.1.3.6}{\376\377\000o\000b\000t\000e\000r\000\137\000D\000a\000d\000o\000s\000\137\000J\000a\000n\000e\000l\000a}{subsection.6.1.3}
\BOOKMARK [3][-]{subsubsection.6.1.3.7}{\376\377\000p\000u\000s\000h\000B\000u\000t\000t\000o\000n\000\137\000A\000d\000i\000c\000i\000o\000n\000a\000r\000\137\000C\000l\000i\000c\000k\000e\000d}{subsection.6.1.3}
\BOOKMARK [3][-]{subsubsection.6.1.3.8}{\376\377\000p\000u\000s\000h\000B\000u\000t\000t\000o\000n\000\137\000A\000d\000i\000c\000i\000o\000n\000a\000r\000\137\000H\000o\000r\000a\000r\000i\000o\000\137\000C\000l\000i\000c\000k\000e\000d}{subsection.6.1.3}
\BOOKMARK [3][-]{subsubsection.6.1.3.9}{\376\377\000p\000u\000s\000h\000B\000u\000t\000t\000o\000n\000\137\000R\000e\000m\000o\000v\000e\000r\000\137\000H\000o\000r\000a\000r\000i\000o\000\137\000C\000l\000i\000c\000k\000e\000d}{subsection.6.1.3}
\BOOKMARK [3][-]{subsubsection.6.1.3.10}{\376\377\000r\000e\000m\000o\000v\000e\000\137\000L\000i\000s\000t\000W\000i\000d\000g\000e\000t\000\137\000F\000u\000n\000c\000i\000o\000n\000a\000r\000i\000o\000s}{subsection.6.1.3}
\BOOKMARK [3][-]{subsubsection.6.1.3.11}{\376\377\000r\000e\000m\000o\000v\000e\000\137\000T\000a\000b\000l\000e\000V\000i\000e\000w\000\137\000H\000o\000r\000a\000r\000i\000o\000s}{subsection.6.1.3}
\BOOKMARK [3][-]{subsubsection.6.1.3.12}{\376\377\000t\000i\000m\000e\000E\000d\000i\000t\000\137\000E\000n\000t\000r\000a\000d\000a\000\137\000E\000d\000i\000t\000i\000n\000g\000\137\000F\000i\000n\000i\000s\000h\000e\000d}{subsection.6.1.3}
\BOOKMARK [2][-]{subsection.6.1.4}{\376\377\000D\000o\000c\000u\000m\000e\000n\000t\000a\000\347\000\343\000o\000\040\000d\000o\000s\000\040\000d\000a\000d\000o\000s\000\040\000m\000e\000m\000b\000r\000o}{section.6.1}
\BOOKMARK [3][-]{subsubsection.6.1.4.1}{\376\377\000l\000i\000s\000t\000a\000\137\000f\000u\000n\000c\000i\000o\000n\000a\000r\000i\000o\000s}{subsection.6.1.4}
\BOOKMARK [3][-]{subsubsection.6.1.4.2}{\376\377\000l\000i\000s\000t\000a\000\137\000h\000o\000r\000a\000r\000i\000o\000s}{subsection.6.1.4}
\BOOKMARK [3][-]{subsubsection.6.1.4.3}{\376\377\000m\000o\000d\000e\000l\000\137\000h\000o\000r\000a\000r\000i\000o\000s}{subsection.6.1.4}
\BOOKMARK [1][-]{section.6.2}{\376\377\000R\000e\000f\000e\000r\000\352\000n\000c\000i\000a\000\040\000\340\000\040\000c\000l\000a\000s\000s\000e\000\040\000v\000i\000e\000w\000.\000A\000d\000m\000\137\000S\000e\000n\000h\000a\000\137\000W\000i\000n\000d\000o\000w}{chapter.6}
\BOOKMARK [2][-]{subsection.6.2.1}{\376\377\000D\000e\000s\000c\000r\000i\000\347\000\343\000o\000\040\000d\000e\000t\000a\000l\000h\000a\000d\000a}{section.6.2}
\BOOKMARK [2][-]{subsection.6.2.2}{\376\377\000D\000o\000c\000u\000m\000e\000n\000t\000a\000\347\000\343\000o\000\040\000d\000o\000s\000\040\000C\000o\000n\000s\000t\000r\000u\000t\000o\000r\000e\000s\000\040\000\046\000\040\000D\000e\000s\000t\000r\000u\000t\000o\000r}{section.6.2}
\BOOKMARK [3][-]{subsubsection.6.2.2.1}{\376\377\000\137\000\137\000i\000n\000i\000t\000\137\000\137}{subsection.6.2.2}
\BOOKMARK [2][-]{subsection.6.2.3}{\376\377\000D\000o\000c\000u\000m\000e\000n\000t\000a\000\347\000\343\000o\000\040\000d\000o\000s\000\040\000m\000\351\000t\000o\000d\000o\000s}{section.6.2}
\BOOKMARK [3][-]{subsubsection.6.2.3.1}{\376\377\000c\000e\000n\000t\000e\000r}{subsection.6.2.3}
\BOOKMARK [3][-]{subsubsection.6.2.3.2}{\376\377\000v\000a\000l\000i\000d\000a\000r\000\137\000S\000e\000n\000h\000a}{subsection.6.2.3}
\BOOKMARK [1][-]{section.6.3}{\376\377\000R\000e\000f\000e\000r\000\352\000n\000c\000i\000a\000\040\000\340\000\040\000c\000l\000a\000s\000s\000e\000\040\000v\000i\000e\000w\000.\000A\000l\000t\000e\000r\000a\000\137\000S\000e\000n\000h\000a\000\137\000W\000i\000n\000d\000o\000w}{chapter.6}
\BOOKMARK [2][-]{subsection.6.3.1}{\376\377\000D\000e\000s\000c\000r\000i\000\347\000\343\000o\000\040\000d\000e\000t\000a\000l\000h\000a\000d\000a}{section.6.3}
\BOOKMARK [2][-]{subsection.6.3.2}{\376\377\000D\000o\000c\000u\000m\000e\000n\000t\000a\000\347\000\343\000o\000\040\000d\000o\000s\000\040\000C\000o\000n\000s\000t\000r\000u\000t\000o\000r\000e\000s\000\040\000\046\000\040\000D\000e\000s\000t\000r\000u\000t\000o\000r}{section.6.3}
\BOOKMARK [3][-]{subsubsection.6.3.2.1}{\376\377\000\137\000\137\000i\000n\000i\000t\000\137\000\137}{subsection.6.3.2}
\BOOKMARK [2][-]{subsection.6.3.3}{\376\377\000D\000o\000c\000u\000m\000e\000n\000t\000a\000\347\000\343\000o\000\040\000d\000o\000s\000\040\000m\000\351\000t\000o\000d\000o\000s}{section.6.3}
\BOOKMARK [3][-]{subsubsection.6.3.3.1}{\376\377\000c\000e\000n\000t\000e\000r}{subsection.6.3.3}
\BOOKMARK [3][-]{subsubsection.6.3.3.2}{\376\377\000p\000u\000s\000h\000B\000u\000t\000t\000o\000n\000\137\000S\000a\000l\000v\000a\000r\000\137\000C\000l\000i\000c\000k\000e\000d}{subsection.6.3.3}
\BOOKMARK [1][-]{section.6.4}{\376\377\000R\000e\000f\000e\000r\000\352\000n\000c\000i\000a\000\040\000\340\000\040\000c\000l\000a\000s\000s\000e\000\040\000m\000o\000d\000e\000l\000\137\000m\000y\000s\000q\000l\000.\000C\000o\000n\000n\000e\000c\000t\000\137\000M\000y\000S\000Q\000L}{chapter.6}
\BOOKMARK [2][-]{subsection.6.4.1}{\376\377\000D\000e\000s\000c\000r\000i\000\347\000\343\000o\000\040\000d\000e\000t\000a\000l\000h\000a\000d\000a}{section.6.4}
\BOOKMARK [2][-]{subsection.6.4.2}{\376\377\000D\000o\000c\000u\000m\000e\000n\000t\000a\000\347\000\343\000o\000\040\000d\000o\000s\000\040\000C\000o\000n\000s\000t\000r\000u\000t\000o\000r\000e\000s\000\040\000\046\000\040\000D\000e\000s\000t\000r\000u\000t\000o\000r}{section.6.4}
\BOOKMARK [3][-]{subsubsection.6.4.2.1}{\376\377\000\137\000\137\000i\000n\000i\000t\000\137\000\137}{subsection.6.4.2}
\BOOKMARK [2][-]{subsection.6.4.3}{\376\377\000D\000o\000c\000u\000m\000e\000n\000t\000a\000\347\000\343\000o\000\040\000d\000o\000s\000\040\000m\000\351\000t\000o\000d\000o\000s}{section.6.4}
\BOOKMARK [3][-]{subsubsection.6.4.3.1}{\376\377\000c\000o\000n\000e\000c\000t\000a}{subsection.6.4.3}
\BOOKMARK [3][-]{subsubsection.6.4.3.2}{\376\377\000d\000r\000o\000p\000a\000r\000\137\000T\000a\000b\000e\000l\000a\000s}{subsection.6.4.3}
\BOOKMARK [2][-]{subsection.6.4.4}{\376\377\000D\000o\000c\000u\000m\000e\000n\000t\000a\000\347\000\343\000o\000\040\000d\000o\000s\000\040\000d\000a\000d\000o\000s\000\040\000m\000e\000m\000b\000r\000o}{section.6.4}
\BOOKMARK [3][-]{subsubsection.6.4.4.1}{\376\377\000c\000o\000n\000n}{subsection.6.4.4}
\BOOKMARK [3][-]{subsubsection.6.4.4.2}{\376\377\000c\000u\000r\000s}{subsection.6.4.4}
\BOOKMARK [3][-]{subsubsection.6.4.4.3}{\376\377\000h\000o\000s\000t}{subsection.6.4.4}
\BOOKMARK [3][-]{subsubsection.6.4.4.4}{\376\377\000p\000a\000s\000s\000w\000d}{subsection.6.4.4}
\BOOKMARK [3][-]{subsubsection.6.4.4.5}{\376\377\000u\000s\000e\000r}{subsection.6.4.4}
\BOOKMARK [1][-]{section.6.5}{\376\377\000R\000e\000f\000e\000r\000\352\000n\000c\000i\000a\000\040\000\340\000\040\000c\000l\000a\000s\000s\000e\000\040\000v\000i\000e\000w\000.\000C\000o\000n\000t\000r\000o\000l\000e\000\137\000D\000e\000\137\000A\000c\000e\000s\000s\000o\000\137\000W\000i\000n\000d\000o\000w}{chapter.6}
\BOOKMARK [2][-]{subsection.6.5.1}{\376\377\000D\000e\000s\000c\000r\000i\000\347\000\343\000o\000\040\000d\000e\000t\000a\000l\000h\000a\000d\000a}{section.6.5}
\BOOKMARK [2][-]{subsection.6.5.2}{\376\377\000D\000o\000c\000u\000m\000e\000n\000t\000a\000\347\000\343\000o\000\040\000d\000o\000s\000\040\000C\000o\000n\000s\000t\000r\000u\000t\000o\000r\000e\000s\000\040\000\046\000\040\000D\000e\000s\000t\000r\000u\000t\000o\000r}{section.6.5}
\BOOKMARK [3][-]{subsubsection.6.5.2.1}{\376\377\000\137\000\137\000i\000n\000i\000t\000\137\000\137}{subsection.6.5.2}
\BOOKMARK [2][-]{subsection.6.5.3}{\376\377\000D\000o\000c\000u\000m\000e\000n\000t\000a\000\347\000\343\000o\000\040\000d\000o\000s\000\040\000m\000\351\000t\000o\000d\000o\000s}{section.6.5}
\BOOKMARK [3][-]{subsubsection.6.5.3.1}{\376\377\000a\000d\000i\000c\000i\000o\000n\000a\000\137\000F\000u\000n\000c\000i\000o\000n\000a\000r\000i\000o\000s\000\137\000H\000o\000r\000a\000r\000i\000o}{subsection.6.5.3}
\BOOKMARK [3][-]{subsubsection.6.5.3.2}{\376\377\000a\000t\000u\000a\000l\000i\000z\000a\000\137\000F\000u\000n\000c\000i\000o\000n\000a\000r\000i\000o\000s\000\137\000H\000o\000r\000a\000r\000i\000o}{subsection.6.5.3}
\BOOKMARK [3][-]{subsubsection.6.5.3.3}{\376\377\000a\000t\000u\000a\000l\000i\000z\000a\000\137\000R\000e\000l\000o\000g\000i\000o}{subsection.6.5.3}
\BOOKMARK [3][-]{subsubsection.6.5.3.4}{\376\377\000c\000e\000n\000t\000e\000r}{subsection.6.5.3}
\BOOKMARK [3][-]{subsubsection.6.5.3.5}{\376\377\000f\000e\000c\000h\000a\000r\000\137\000W\000i\000n\000d\000o\000w}{subsection.6.5.3}
\BOOKMARK [3][-]{subsubsection.6.5.3.6}{\376\377\000l\000i\000n\000e\000E\000d\000i\000t\000\137\000M\000a\000t\000r\000i\000c\000u\000l\000a\000\137\000R\000e\000t\000u\000r\000n\000P\000r\000e\000s\000s\000e\000d}{subsection.6.5.3}
\BOOKMARK [3][-]{subsubsection.6.5.3.7}{\376\377\000m\000e\000n\000u\000\137\000A\000d\000i\000c\000i\000o\000n\000a\000r\000\137\000F\000u\000n\000c\000i\000o\000n\000a\000r\000i\000o\000s}{subsection.6.5.3}
\BOOKMARK [3][-]{subsubsection.6.5.3.8}{\376\377\000m\000e\000n\000u\000\137\000A\000d\000i\000c\000i\000o\000n\000a\000r\000\137\000F\000u\000n\000c\000i\000o\000n\000a\000r\000i\000o\000s\000\137\000v\000a\000l\000i\000d\000a}{subsection.6.5.3}
\BOOKMARK [3][-]{subsubsection.6.5.3.9}{\376\377\000m\000e\000n\000u\000\137\000A\000l\000t\000e\000r\000a\000r\000\137\000S\000e\000n\000h\000a}{subsection.6.5.3}
\BOOKMARK [3][-]{subsubsection.6.5.3.10}{\376\377\000m\000e\000n\000u\000\137\000A\000l\000t\000e\000r\000a\000r\000\137\000S\000e\000n\000h\000a\000\137\000v\000a\000l\000i\000d\000a}{subsection.6.5.3}
\BOOKMARK [3][-]{subsubsection.6.5.3.11}{\376\377\000m\000e\000n\000u\000\137\000C\000o\000n\000f\000i\000g\000u\000r\000a\000r\000\137\000T\000o\000l\000e\000r\000a\000n\000c\000i\000a\000s}{subsection.6.5.3}
\BOOKMARK [3][-]{subsubsection.6.5.3.12}{\376\377\000m\000e\000n\000u\000\137\000C\000o\000n\000f\000i\000g\000u\000r\000a\000r\000\137\000T\000o\000l\000e\000r\000a\000n\000c\000i\000a\000s\000\137\000v\000a\000l\000i\000d\000a}{subsection.6.5.3}
\BOOKMARK [3][-]{subsubsection.6.5.3.13}{\376\377\000m\000e\000n\000u\000\137\000E\000d\000i\000t\000a\000r\000\137\000F\000u\000n\000c\000i\000o\000n\000a\000r\000i\000o\000s}{subsection.6.5.3}
\BOOKMARK [3][-]{subsubsection.6.5.3.14}{\376\377\000m\000e\000n\000u\000\137\000E\000d\000i\000t\000a\000r\000\137\000F\000u\000n\000c\000i\000o\000n\000a\000r\000i\000o\000s\000\137\000v\000a\000l\000i\000d\000a}{subsection.6.5.3}
\BOOKMARK [3][-]{subsubsection.6.5.3.15}{\376\377\000m\000e\000n\000u\000\137\000G\000e\000r\000a\000r\000\137\000R\000e\000l\000a\000t\000o\000r\000i\000o\000s}{subsection.6.5.3}
\BOOKMARK [3][-]{subsubsection.6.5.3.16}{\376\377\000m\000e\000n\000u\000\137\000G\000e\000r\000a\000r\000\137\000R\000e\000l\000a\000t\000o\000r\000i\000o\000s\000\137\000v\000a\000l\000i\000d\000a}{subsection.6.5.3}
\BOOKMARK [3][-]{subsubsection.6.5.3.17}{\376\377\000m\000e\000n\000u\000\137\000M\000a\000n\000u\000a\000l}{subsection.6.5.3}
\BOOKMARK [3][-]{subsubsection.6.5.3.18}{\376\377\000m\000e\000n\000u\000\137\000R\000e\000m\000o\000v\000e\000r\000\137\000F\000u\000n\000c\000i\000o\000n\000a\000r\000i\000o\000s}{subsection.6.5.3}
\BOOKMARK [3][-]{subsubsection.6.5.3.19}{\376\377\000m\000e\000n\000u\000\137\000R\000e\000m\000o\000v\000e\000r\000\137\000F\000u\000n\000c\000i\000o\000n\000a\000r\000i\000o\000s\000\137\000v\000a\000l\000i\000d\000a}{subsection.6.5.3}
\BOOKMARK [3][-]{subsubsection.6.5.3.20}{\376\377\000m\000e\000n\000u\000\137\000S\000o\000b\000r\000e\000\137\000M\000e\000c\000a\000j\000u\000n}{subsection.6.5.3}
\BOOKMARK [3][-]{subsubsection.6.5.3.21}{\376\377\000m\000e\000n\000u\000\137\000S\000o\000b\000r\000e\000\137\000Q\000t}{subsection.6.5.3}
\BOOKMARK [3][-]{subsubsection.6.5.3.22}{\376\377\000p\000u\000s\000h\000B\000u\000t\000t\000o\000n\000\137\000H\000o\000r\000a\000r\000i\000o\000s\000\137\000C\000l\000i\000c\000k\000e\000d}{subsection.6.5.3}
\BOOKMARK [3][-]{subsubsection.6.5.3.23}{\376\377\000r\000e\000m\000o\000v\000e\000\137\000F\000u\000n\000c\000i\000o\000n\000a\000r\000i\000o\000s\000\137\000H\000o\000r\000a\000r\000i\000o}{subsection.6.5.3}
\BOOKMARK [2][-]{subsection.6.5.4}{\376\377\000D\000o\000c\000u\000m\000e\000n\000t\000a\000\347\000\343\000o\000\040\000d\000o\000s\000\040\000d\000a\000d\000o\000s\000\040\000m\000e\000m\000b\000r\000o}{section.6.5}
\BOOKMARK [3][-]{subsubsection.6.5.4.1}{\376\377\000a\000d\000d\000\137\000f\000u\000n\000c\000i\000o\000n\000a\000r\000i\000o\000s\000\137\000w\000i\000n\000d\000o\000w}{subsection.6.5.4}
\BOOKMARK [3][-]{subsubsection.6.5.4.2}{\376\377\000a\000d\000m\000\137\000w\000i\000n\000d\000o\000w}{subsection.6.5.4}
\BOOKMARK [3][-]{subsubsection.6.5.4.3}{\376\377\000a\000l\000t\000e\000r\000a\000\137\000s\000e\000n\000h\000a\000\137\000w\000i\000n\000d\000o\000w}{subsection.6.5.4}
\BOOKMARK [3][-]{subsubsection.6.5.4.4}{\376\377\000f\000u\000n\000c\000i\000o\000n\000a\000r\000i\000o\000s\000\137\000h\000o\000r\000a\000r\000i\000o\000\137\000l\000i\000s\000t}{subsection.6.5.4}
\BOOKMARK [3][-]{subsubsection.6.5.4.5}{\376\377\000h\000o\000r\000a\000r\000i\000o\000s\000\137\000w\000i\000n\000d\000o\000w}{subsection.6.5.4}
\BOOKMARK [3][-]{subsubsection.6.5.4.6}{\376\377\000m\000o\000d\000e\000l}{subsection.6.5.4}
\BOOKMARK [3][-]{subsubsection.6.5.4.7}{\376\377\000r\000e\000l\000a\000t\000o\000r\000i\000o\000s\000\137\000w\000i\000n\000d\000o\000w}{subsection.6.5.4}
\BOOKMARK [3][-]{subsubsection.6.5.4.8}{\376\377\000t\000o\000l\000e\000r\000a\000n\000c\000i\000a\000s\000\137\000w\000i\000n\000d\000o\000w}{subsection.6.5.4}
\BOOKMARK [1][-]{section.6.6}{\376\377\000R\000e\000f\000e\000r\000\352\000n\000c\000i\000a\000\040\000\340\000\040\000c\000l\000a\000s\000s\000e\000\040\000a\000u\000x\000i\000l\000i\000a\000r\000e\000s\000:\000:\000C\000S\000V}{chapter.6}
\BOOKMARK [2][-]{subsection.6.6.1}{\376\377\000D\000e\000s\000c\000r\000i\000\347\000\343\000o\000\040\000d\000e\000t\000a\000l\000h\000a\000d\000a}{section.6.6}
\BOOKMARK [2][-]{subsection.6.6.2}{\376\377\000D\000o\000c\000u\000m\000e\000n\000t\000a\000\347\000\343\000o\000\040\000d\000o\000s\000\040\000C\000o\000n\000s\000t\000r\000u\000t\000o\000r\000e\000s\000\040\000\046\000\040\000D\000e\000s\000t\000r\000u\000t\000o\000r}{section.6.6}
\BOOKMARK [3][-]{subsubsection.6.6.2.1}{\376\377\000\137\000\137\000i\000n\000i\000t\000\137\000\137}{subsection.6.6.2}
\BOOKMARK [2][-]{subsection.6.6.3}{\376\377\000D\000o\000c\000u\000m\000e\000n\000t\000a\000\347\000\343\000o\000\040\000d\000o\000s\000\040\000m\000\351\000t\000o\000d\000o\000s}{section.6.6}
\BOOKMARK [3][-]{subsubsection.6.6.3.1}{\376\377\000f\000i\000n\000a\000l\000i\000z\000a}{subsection.6.6.3}
\BOOKMARK [3][-]{subsubsection.6.6.3.2}{\376\377\000w\000r\000i\000t\000e\000r\000o\000w}{subsection.6.6.3}
\BOOKMARK [2][-]{subsection.6.6.4}{\376\377\000D\000o\000c\000u\000m\000e\000n\000t\000a\000\347\000\343\000o\000\040\000d\000o\000s\000\040\000d\000a\000d\000o\000s\000\040\000m\000e\000m\000b\000r\000o}{section.6.6}
\BOOKMARK [3][-]{subsubsection.6.6.4.1}{\376\377\000f\000i\000l\000e}{subsection.6.6.4}
\BOOKMARK [3][-]{subsubsection.6.6.4.2}{\376\377\000s\000e\000p\000a\000r\000a\000d\000o\000r}{subsection.6.6.4}
\BOOKMARK [1][-]{section.6.7}{\376\377\000R\000e\000f\000e\000r\000\352\000n\000c\000i\000a\000\040\000\340\000\040\000c\000l\000a\000s\000s\000e\000\040\000v\000i\000e\000w\000.\000H\000o\000r\000a\000r\000i\000o\000s\000\137\000W\000i\000n\000d\000o\000w}{chapter.6}
\BOOKMARK [2][-]{subsection.6.7.1}{\376\377\000D\000e\000s\000c\000r\000i\000\347\000\343\000o\000\040\000d\000e\000t\000a\000l\000h\000a\000d\000a}{section.6.7}
\BOOKMARK [2][-]{subsection.6.7.2}{\376\377\000D\000o\000c\000u\000m\000e\000n\000t\000a\000\347\000\343\000o\000\040\000d\000o\000s\000\040\000C\000o\000n\000s\000t\000r\000u\000t\000o\000r\000e\000s\000\040\000\046\000\040\000D\000e\000s\000t\000r\000u\000t\000o\000r}{section.6.7}
\BOOKMARK [3][-]{subsubsection.6.7.2.1}{\376\377\000\137\000\137\000i\000n\000i\000t\000\137\000\137}{subsection.6.7.2}
\BOOKMARK [2][-]{subsection.6.7.3}{\376\377\000D\000o\000c\000u\000m\000e\000n\000t\000a\000\347\000\343\000o\000\040\000d\000o\000s\000\040\000m\000\351\000t\000o\000d\000o\000s}{section.6.7}
\BOOKMARK [3][-]{subsubsection.6.7.3.1}{\376\377\000a\000d\000i\000c\000i\000o\000n\000a\000\137\000T\000a\000b\000l\000e\000V\000i\000e\000w\000\137\000H\000o\000r\000a\000r\000i\000o\000s}{subsection.6.7.3}
\BOOKMARK [3][-]{subsubsection.6.7.3.2}{\376\377\000c\000e\000n\000t\000e\000r}{subsection.6.7.3}
\BOOKMARK [2][-]{subsection.6.7.4}{\376\377\000D\000o\000c\000u\000m\000e\000n\000t\000a\000\347\000\343\000o\000\040\000d\000o\000s\000\040\000d\000a\000d\000o\000s\000\040\000m\000e\000m\000b\000r\000o}{section.6.7}
\BOOKMARK [3][-]{subsubsection.6.7.4.1}{\376\377\000l\000i\000s\000t\000a\000\137\000h\000o\000r\000a\000r\000i\000o\000s}{subsection.6.7.4}
\BOOKMARK [3][-]{subsubsection.6.7.4.2}{\376\377\000m\000o\000d\000e\000l\000\137\000h\000o\000r\000a\000r\000i\000o\000s}{subsection.6.7.4}
\BOOKMARK [1][-]{section.6.8}{\376\377\000R\000e\000f\000e\000r\000\352\000n\000c\000i\000a\000\040\000\340\000\040\000c\000l\000a\000s\000s\000e\000\040\000v\000i\000e\000w\000.\000R\000e\000l\000a\000t\000o\000r\000i\000o\000s\000\137\000W\000i\000n\000d\000o\000w}{chapter.6}
\BOOKMARK [2][-]{subsection.6.8.1}{\376\377\000D\000e\000s\000c\000r\000i\000\347\000\343\000o\000\040\000d\000e\000t\000a\000l\000h\000a\000d\000a}{section.6.8}
\BOOKMARK [2][-]{subsection.6.8.2}{\376\377\000D\000o\000c\000u\000m\000e\000n\000t\000a\000\347\000\343\000o\000\040\000d\000o\000s\000\040\000C\000o\000n\000s\000t\000r\000u\000t\000o\000r\000e\000s\000\040\000\046\000\040\000D\000e\000s\000t\000r\000u\000t\000o\000r}{section.6.8}
\BOOKMARK [3][-]{subsubsection.6.8.2.1}{\376\377\000\137\000\137\000i\000n\000i\000t\000\137\000\137}{subsection.6.8.2}
\BOOKMARK [2][-]{subsection.6.8.3}{\376\377\000D\000o\000c\000u\000m\000e\000n\000t\000a\000\347\000\343\000o\000\040\000d\000o\000s\000\040\000m\000\351\000t\000o\000d\000o\000s}{section.6.8}
\BOOKMARK [3][-]{subsubsection.6.8.3.1}{\376\377\000c\000e\000n\000t\000e\000r}{subsection.6.8.3}
\BOOKMARK [3][-]{subsubsection.6.8.3.2}{\376\377\000d\000a\000t\000e\000T\000i\000m\000e\000E\000d\000i\000t\000\137\000I\000n\000i\000c\000i\000a\000l\000\137\000E\000d\000i\000t\000i\000n\000g\000\137\000F\000i\000n\000i\000s\000h\000e\000d}{subsection.6.8.3}
\BOOKMARK [3][-]{subsubsection.6.8.3.3}{\376\377\000o\000b\000t\000e\000r\000\137\000D\000a\000d\000o\000s}{subsection.6.8.3}
\BOOKMARK [3][-]{subsubsection.6.8.3.4}{\376\377\000p\000u\000s\000h\000B\000u\000t\000t\000o\000n\000\137\000L\000o\000g\000\137\000P\000o\000r\000t\000a\000\137\000C\000l\000i\000c\000k\000e\000d}{subsection.6.8.3}
\BOOKMARK [3][-]{subsubsection.6.8.3.5}{\376\377\000p\000u\000s\000h\000B\000u\000t\000t\000o\000n\000\137\000R\000e\000l\000a\000t\000o\000r\000i\000o\000\137\000P\000o\000n\000t\000o\000s\000\137\000C\000l\000i\000c\000k\000e\000d}{subsection.6.8.3}
\BOOKMARK [1][-]{section.6.9}{\376\377\000R\000e\000f\000e\000r\000\352\000n\000c\000i\000a\000\040\000\340\000\040\000c\000l\000a\000s\000s\000e\000\040\000v\000i\000e\000w\000.\000T\000o\000l\000e\000r\000a\000n\000c\000i\000a\000s\000\137\000W\000i\000n\000d\000o\000w}{chapter.6}
\BOOKMARK [2][-]{subsection.6.9.1}{\376\377\000D\000e\000s\000c\000r\000i\000\347\000\343\000o\000\040\000d\000e\000t\000a\000l\000h\000a\000d\000a}{section.6.9}
\BOOKMARK [2][-]{subsection.6.9.2}{\376\377\000D\000o\000c\000u\000m\000e\000n\000t\000a\000\347\000\343\000o\000\040\000d\000o\000s\000\040\000C\000o\000n\000s\000t\000r\000u\000t\000o\000r\000e\000s\000\040\000\046\000\040\000D\000e\000s\000t\000r\000u\000t\000o\000r}{section.6.9}
\BOOKMARK [3][-]{subsubsection.6.9.2.1}{\376\377\000\137\000\137\000i\000n\000i\000t\000\137\000\137}{subsection.6.9.2}
\BOOKMARK [2][-]{subsection.6.9.3}{\376\377\000D\000o\000c\000u\000m\000e\000n\000t\000a\000\347\000\343\000o\000\040\000d\000o\000s\000\040\000m\000\351\000t\000o\000d\000o\000s}{section.6.9}
\BOOKMARK [3][-]{subsubsection.6.9.3.1}{\376\377\000a\000l\000t\000e\000r\000a\000\137\000A\000t\000r\000a\000s\000o\000\137\000M\000i\000n\000i\000m\000o}{subsection.6.9.3}
\BOOKMARK [3][-]{subsubsection.6.9.3.2}{\376\377\000c\000e\000n\000t\000e\000r}{subsection.6.9.3}
\BOOKMARK [3][-]{subsubsection.6.9.3.3}{\376\377\000o\000b\000t\000e\000r\000\137\000D\000a\000d\000o\000s}{subsection.6.9.3}
\BOOKMARK [3][-]{subsubsection.6.9.3.4}{\376\377\000p\000u\000s\000h\000B\000u\000t\000t\000o\000n\000\137\000S\000a\000l\000v\000a\000r\000\137\000C\000l\000i\000c\000k\000e\000d}{subsection.6.9.3}
\BOOKMARK [1][-]{section.6.10}{\376\377\000R\000e\000f\000e\000r\000\352\000n\000c\000i\000a\000\040\000\340\000\040\000c\000l\000a\000s\000s\000e\000\040\000c\000d\000a\000\137\000f\000u\000n\000c\000i\000o\000n\000a\000r\000i\000o\000s\000.\000U\000i\000\137\000A\000d\000d\000\137\000F\000u\000n\000c\000i\000o\000n\000a\000r\000i\000o\000s\000\137\000W\000i\000n\000d\000o\000w}{chapter.6}
\BOOKMARK [2][-]{subsection.6.10.1}{\376\377\000D\000e\000s\000c\000r\000i\000\347\000\343\000o\000\040\000d\000e\000t\000a\000l\000h\000a\000d\000a}{section.6.10}
\BOOKMARK [2][-]{subsection.6.10.2}{\376\377\000D\000o\000c\000u\000m\000e\000n\000t\000a\000\347\000\343\000o\000\040\000d\000o\000s\000\040\000m\000\351\000t\000o\000d\000o\000s}{section.6.10}
\BOOKMARK [3][-]{subsubsection.6.10.2.1}{\376\377\000r\000e\000t\000r\000a\000n\000s\000l\000a\000t\000e\000U\000i}{subsection.6.10.2}
\BOOKMARK [3][-]{subsubsection.6.10.2.2}{\376\377\000s\000e\000t\000u\000p\000U\000i}{subsection.6.10.2}
\BOOKMARK [2][-]{subsection.6.10.3}{\376\377\000D\000o\000c\000u\000m\000e\000n\000t\000a\000\347\000\343\000o\000\040\000d\000o\000s\000\040\000d\000a\000d\000o\000s\000\040\000m\000e\000m\000b\000r\000o}{section.6.10}
\BOOKMARK [3][-]{subsubsection.6.10.3.1}{\376\377\000c\000e\000n\000t\000r\000a\000l\000w\000i\000d\000g\000e\000t}{subsection.6.10.3}
\BOOKMARK [3][-]{subsubsection.6.10.3.2}{\376\377\000c\000o\000m\000b\000o\000B\000o\000x\000\137\000d\000i\000a\000s\000\137\000s\000e\000m\000a\000n\000a}{subsection.6.10.3}
\BOOKMARK [3][-]{subsubsection.6.10.3.3}{\376\377\000h\000o\000r\000i\000z\000o\000n\000t\000a\000l\000L\000a\000y\000o\000u\000t}{subsection.6.10.3}
\BOOKMARK [3][-]{subsubsection.6.10.3.4}{\376\377\000h\000o\000r\000i\000z\000o\000n\000t\000a\000l\000L\000a\000y\000o\000u\000t\000\137\0002}{subsection.6.10.3}
\BOOKMARK [3][-]{subsubsection.6.10.3.5}{\376\377\000h\000o\000r\000i\000z\000o\000n\000t\000a\000l\000L\000a\000y\000o\000u\000t\000\137\0003}{subsection.6.10.3}
\BOOKMARK [3][-]{subsubsection.6.10.3.6}{\376\377\000h\000o\000r\000i\000z\000o\000n\000t\000a\000l\000L\000a\000y\000o\000u\000t\000\137\0004}{subsection.6.10.3}
\BOOKMARK [3][-]{subsubsection.6.10.3.7}{\376\377\000h\000o\000r\000i\000z\000o\000n\000t\000a\000l\000L\000a\000y\000o\000u\000t\000\137\0005}{subsection.6.10.3}
\BOOKMARK [3][-]{subsubsection.6.10.3.8}{\376\377\000h\000o\000r\000i\000z\000o\000n\000t\000a\000l\000L\000a\000y\000o\000u\000t\000\137\0006}{subsection.6.10.3}
\BOOKMARK [3][-]{subsubsection.6.10.3.9}{\376\377\000l\000a\000b\000e\000l}{subsection.6.10.3}
\BOOKMARK [3][-]{subsubsection.6.10.3.10}{\376\377\000l\000a\000b\000e\000l\000\137\0002}{subsection.6.10.3}
\BOOKMARK [3][-]{subsubsection.6.10.3.11}{\376\377\000l\000a\000b\000e\000l\000\137\0003}{subsection.6.10.3}
\BOOKMARK [3][-]{subsubsection.6.10.3.12}{\376\377\000l\000a\000b\000e\000l\000\137\0004}{subsection.6.10.3}
\BOOKMARK [3][-]{subsubsection.6.10.3.13}{\376\377\000l\000a\000b\000e\000l\000\137\0005}{subsection.6.10.3}
\BOOKMARK [3][-]{subsubsection.6.10.3.14}{\376\377\000l\000a\000b\000e\000l\000\137\0006}{subsection.6.10.3}
\BOOKMARK [3][-]{subsubsection.6.10.3.15}{\376\377\000l\000a\000b\000e\000l\000\137\0007}{subsection.6.10.3}
\BOOKMARK [3][-]{subsubsection.6.10.3.16}{\376\377\000l\000a\000b\000e\000l\000\137\000R\000F\000I\000D}{subsection.6.10.3}
\BOOKMARK [3][-]{subsubsection.6.10.3.17}{\376\377\000l\000a\000y\000o\000u\000t\000W\000i\000d\000g\000e\000t}{subsection.6.10.3}
\BOOKMARK [3][-]{subsubsection.6.10.3.18}{\376\377\000l\000a\000y\000o\000u\000t\000W\000i\000d\000g\000e\000t\0001}{subsection.6.10.3}
\BOOKMARK [3][-]{subsubsection.6.10.3.19}{\376\377\000l\000i\000n\000e\000E\000d\000i\000t\000\137\000m\000a\000t\000r\000i\000c\000u\000l\000a}{subsection.6.10.3}
\BOOKMARK [3][-]{subsubsection.6.10.3.20}{\376\377\000l\000i\000n\000e\000E\000d\000i\000t\000\137\000n\000o\000m\000e}{subsection.6.10.3}
\BOOKMARK [3][-]{subsubsection.6.10.3.21}{\376\377\000l\000i\000s\000t\000W\000i\000d\000g\000e\000t\000\137\000f\000u\000n\000c\000i\000o\000n\000a\000r\000i\000o\000s}{subsection.6.10.3}
\BOOKMARK [3][-]{subsubsection.6.10.3.22}{\376\377\000m\000e\000n\000u\000b\000a\000r}{subsection.6.10.3}
\BOOKMARK [3][-]{subsubsection.6.10.3.23}{\376\377\000p\000u\000s\000h\000B\000u\000t\000t\000o\000n\000\137\000a\000d\000i\000c\000i\000o\000n\000a\000r}{subsection.6.10.3}
\BOOKMARK [3][-]{subsubsection.6.10.3.24}{\376\377\000p\000u\000s\000h\000B\000u\000t\000t\000o\000n\000\137\000a\000d\000i\000c\000i\000o\000n\000a\000r\000\137\000h\000o\000r\000a\000r\000i\000o}{subsection.6.10.3}
\BOOKMARK [3][-]{subsubsection.6.10.3.25}{\376\377\000p\000u\000s\000h\000B\000u\000t\000t\000o\000n\000\137\000o\000b\000t\000e\000r\000\137\000r\000f\000i\000d}{subsection.6.10.3}
\BOOKMARK [3][-]{subsubsection.6.10.3.26}{\376\377\000p\000u\000s\000h\000B\000u\000t\000t\000o\000n\000\137\000r\000e\000m\000o\000v\000e\000r\000\137\000h\000o\000r\000a\000r\000i\000o}{subsection.6.10.3}
\BOOKMARK [3][-]{subsubsection.6.10.3.27}{\376\377\000t\000a\000b\000l\000e\000V\000i\000e\000w\000\137\000h\000o\000r\000a\000r\000i\000o\000s}{subsection.6.10.3}
\BOOKMARK [3][-]{subsubsection.6.10.3.28}{\376\377\000t\000i\000m\000e\000E\000d\000i\000t\000\137\000e\000n\000t\000r\000a\000d\000a}{subsection.6.10.3}
\BOOKMARK [3][-]{subsubsection.6.10.3.29}{\376\377\000t\000i\000m\000e\000E\000d\000i\000t\000\137\000s\000a\000i\000d\000a}{subsection.6.10.3}
\BOOKMARK [3][-]{subsubsection.6.10.3.30}{\376\377\000v\000e\000r\000t\000i\000c\000a\000l\000L\000a\000y\000o\000u\000t}{subsection.6.10.3}
\BOOKMARK [3][-]{subsubsection.6.10.3.31}{\376\377\000v\000e\000r\000t\000i\000c\000a\000l\000L\000a\000y\000o\000u\000t\000\137\0002}{subsection.6.10.3}
\BOOKMARK [1][-]{section.6.11}{\376\377\000R\000e\000f\000e\000r\000\352\000n\000c\000i\000a\000\040\000\340\000\040\000c\000l\000a\000s\000s\000e\000\040\000c\000d\000a\000\137\000v\000a\000l\000i\000d\000a\000r\000s\000e\000n\000h\000a\000.\000U\000i\000\137\000A\000d\000m\000\137\000S\000e\000n\000h\000a\000\137\000W\000i\000n\000d\000o\000w}{chapter.6}
\BOOKMARK [2][-]{subsection.6.11.1}{\376\377\000D\000e\000s\000c\000r\000i\000\347\000\343\000o\000\040\000d\000e\000t\000a\000l\000h\000a\000d\000a}{section.6.11}
\BOOKMARK [2][-]{subsection.6.11.2}{\376\377\000D\000o\000c\000u\000m\000e\000n\000t\000a\000\347\000\343\000o\000\040\000d\000o\000s\000\040\000m\000\351\000t\000o\000d\000o\000s}{section.6.11}
\BOOKMARK [3][-]{subsubsection.6.11.2.1}{\376\377\000r\000e\000t\000r\000a\000n\000s\000l\000a\000t\000e\000U\000i}{subsection.6.11.2}
\BOOKMARK [3][-]{subsubsection.6.11.2.2}{\376\377\000s\000e\000t\000u\000p\000U\000i}{subsection.6.11.2}
\BOOKMARK [2][-]{subsection.6.11.3}{\376\377\000D\000o\000c\000u\000m\000e\000n\000t\000a\000\347\000\343\000o\000\040\000d\000o\000s\000\040\000d\000a\000d\000o\000s\000\040\000m\000e\000m\000b\000r\000o}{section.6.11}
\BOOKMARK [3][-]{subsubsection.6.11.3.1}{\376\377\000c\000e\000n\000t\000r\000a\000l\000w\000i\000d\000g\000e\000t}{subsection.6.11.3}
\BOOKMARK [3][-]{subsubsection.6.11.3.2}{\376\377\000l\000a\000b\000e\000l}{subsection.6.11.3}
\BOOKMARK [3][-]{subsubsection.6.11.3.3}{\376\377\000l\000i\000n\000e\000E\000d\000i\000t\000\137\000s\000e\000n\000h\000a}{subsection.6.11.3}
\BOOKMARK [3][-]{subsubsection.6.11.3.4}{\376\377\000v\000e\000r\000t\000i\000c\000a\000l\000L\000a\000y\000o\000u\000t}{subsection.6.11.3}
\BOOKMARK [3][-]{subsubsection.6.11.3.5}{\376\377\000w\000i\000d\000g\000e\000t}{subsection.6.11.3}
\BOOKMARK [1][-]{section.6.12}{\376\377\000R\000e\000f\000e\000r\000\352\000n\000c\000i\000a\000\040\000\340\000\040\000c\000l\000a\000s\000s\000e\000\040\000c\000d\000a\000\137\000a\000l\000t\000e\000r\000a\000s\000e\000n\000h\000a\000.\000U\000i\000\137\000A\000l\000t\000e\000r\000a\000\137\000S\000e\000n\000h\000a\000\137\000W\000i\000n\000d\000o\000w}{chapter.6}
\BOOKMARK [2][-]{subsection.6.12.1}{\376\377\000D\000e\000s\000c\000r\000i\000\347\000\343\000o\000\040\000d\000e\000t\000a\000l\000h\000a\000d\000a}{section.6.12}
\BOOKMARK [2][-]{subsection.6.12.2}{\376\377\000D\000o\000c\000u\000m\000e\000n\000t\000a\000\347\000\343\000o\000\040\000d\000o\000s\000\040\000m\000\351\000t\000o\000d\000o\000s}{section.6.12}
\BOOKMARK [3][-]{subsubsection.6.12.2.1}{\376\377\000r\000e\000t\000r\000a\000n\000s\000l\000a\000t\000e\000U\000i}{subsection.6.12.2}
\BOOKMARK [3][-]{subsubsection.6.12.2.2}{\376\377\000s\000e\000t\000u\000p\000U\000i}{subsection.6.12.2}
\BOOKMARK [2][-]{subsection.6.12.3}{\376\377\000D\000o\000c\000u\000m\000e\000n\000t\000a\000\347\000\343\000o\000\040\000d\000o\000s\000\040\000d\000a\000d\000o\000s\000\040\000m\000e\000m\000b\000r\000o}{section.6.12}
\BOOKMARK [3][-]{subsubsection.6.12.3.1}{\376\377\000c\000e\000n\000t\000r\000a\000l\000w\000i\000d\000g\000e\000t}{subsection.6.12.3}
\BOOKMARK [3][-]{subsubsection.6.12.3.2}{\376\377\000h\000o\000r\000i\000z\000o\000n\000t\000a\000l\000L\000a\000y\000o\000u\000t}{subsection.6.12.3}
\BOOKMARK [3][-]{subsubsection.6.12.3.3}{\376\377\000h\000o\000r\000i\000z\000o\000n\000t\000a\000l\000L\000a\000y\000o\000u\000t\000\137\0002}{subsection.6.12.3}
\BOOKMARK [3][-]{subsubsection.6.12.3.4}{\376\377\000h\000o\000r\000i\000z\000o\000n\000t\000a\000l\000L\000a\000y\000o\000u\000t\000\137\0003}{subsection.6.12.3}
\BOOKMARK [3][-]{subsubsection.6.12.3.5}{\376\377\000l\000a\000b\000e\000l}{subsection.6.12.3}
\BOOKMARK [3][-]{subsubsection.6.12.3.6}{\376\377\000l\000a\000b\000e\000l\000\137\0002}{subsection.6.12.3}
\BOOKMARK [3][-]{subsubsection.6.12.3.7}{\376\377\000l\000a\000b\000e\000l\000\137\0003}{subsection.6.12.3}
\BOOKMARK [3][-]{subsubsection.6.12.3.8}{\376\377\000l\000i\000n\000e\000E\000d\000i\000t\000\137\000n\000o\000v\000a\000\137\000s\000e\000n\000h\000a\000\137\0001}{subsection.6.12.3}
\BOOKMARK [3][-]{subsubsection.6.12.3.9}{\376\377\000l\000i\000n\000e\000E\000d\000i\000t\000\137\000n\000o\000v\000a\000\137\000s\000e\000n\000h\000a\000\137\0002}{subsection.6.12.3}
\BOOKMARK [3][-]{subsubsection.6.12.3.10}{\376\377\000l\000i\000n\000e\000E\000d\000i\000t\000\137\000s\000e\000n\000h\000a}{subsection.6.12.3}
\BOOKMARK [3][-]{subsubsection.6.12.3.11}{\376\377\000m\000e\000n\000u\000b\000a\000r}{subsection.6.12.3}
\BOOKMARK [3][-]{subsubsection.6.12.3.12}{\376\377\000p\000u\000s\000h\000B\000u\000t\000t\000o\000n\000\137\000s\000a\000l\000v\000a\000r}{subsection.6.12.3}
\BOOKMARK [3][-]{subsubsection.6.12.3.13}{\376\377\000t\000o\000o\000l\000B\000a\000r}{subsection.6.12.3}
\BOOKMARK [3][-]{subsubsection.6.12.3.14}{\376\377\000v\000e\000r\000t\000i\000c\000a\000l\000L\000a\000y\000o\000u\000t}{subsection.6.12.3}
\BOOKMARK [3][-]{subsubsection.6.12.3.15}{\376\377\000w\000i\000d\000g\000e\000t}{subsection.6.12.3}
\BOOKMARK [1][-]{section.6.13}{\376\377\000R\000e\000f\000e\000r\000\352\000n\000c\000i\000a\000\040\000\340\000\040\000c\000l\000a\000s\000s\000e\000\040\000c\000d\000a\000\137\000m\000a\000i\000n\000W\000i\000n\000d\000o\000w\000.\000U\000i\000\137\000C\000o\000n\000t\000r\000o\000l\000e\000\137\000D\000e\000\137\000A\000c\000e\000s\000s\000o\000\137\000W\000i\000n\000d\000o\000w}{chapter.6}
\BOOKMARK [2][-]{subsection.6.13.1}{\376\377\000D\000e\000s\000c\000r\000i\000\347\000\343\000o\000\040\000d\000e\000t\000a\000l\000h\000a\000d\000a}{section.6.13}
\BOOKMARK [2][-]{subsection.6.13.2}{\376\377\000D\000o\000c\000u\000m\000e\000n\000t\000a\000\347\000\343\000o\000\040\000d\000o\000s\000\040\000m\000\351\000t\000o\000d\000o\000s}{section.6.13}
\BOOKMARK [3][-]{subsubsection.6.13.2.1}{\376\377\000r\000e\000t\000r\000a\000n\000s\000l\000a\000t\000e\000U\000i}{subsection.6.13.2}
\BOOKMARK [3][-]{subsubsection.6.13.2.2}{\376\377\000s\000e\000t\000u\000p\000U\000i}{subsection.6.13.2}
\BOOKMARK [2][-]{subsection.6.13.3}{\376\377\000D\000o\000c\000u\000m\000e\000n\000t\000a\000\347\000\343\000o\000\040\000d\000o\000s\000\040\000d\000a\000d\000o\000s\000\040\000m\000e\000m\000b\000r\000o}{section.6.13}
\BOOKMARK [3][-]{subsubsection.6.13.3.1}{\376\377\000a\000c\000t\000i\000o\000n\000A\000d\000i\000c\000i\000o\000n\000a\000r\000\137\000F\000u\000n\000c\000i\000o\000n\000a\000r\000i\000o\000s}{subsection.6.13.3}
\BOOKMARK [3][-]{subsubsection.6.13.3.2}{\376\377\000a\000c\000t\000i\000o\000n\000A\000l\000t\000e\000r\000a\000r\000\137\000S\000e\000n\000h\000a}{subsection.6.13.3}
\BOOKMARK [3][-]{subsubsection.6.13.3.3}{\376\377\000a\000c\000t\000i\000o\000n\000C\000o\000n\000f\000i\000g\000u\000r\000a\000r\000\137\000T\000o\000l\000e\000r\000a\000n\000c\000i\000a\000s}{subsection.6.13.3}
\BOOKMARK [3][-]{subsubsection.6.13.3.4}{\376\377\000a\000c\000t\000i\000o\000n\000E\000d\000i\000t\000a\000r\000\137\000F\000u\000n\000c\000i\000o\000n\000a\000r\000i\000o\000s}{subsection.6.13.3}
\BOOKMARK [3][-]{subsubsection.6.13.3.5}{\376\377\000a\000c\000t\000i\000o\000n\000G\000e\000r\000a\000r\000\137\000R\000e\000l\000a\000t\000o\000r\000i\000o\000s}{subsection.6.13.3}
\BOOKMARK [3][-]{subsubsection.6.13.3.6}{\376\377\000a\000c\000t\000i\000o\000n\000M\000a\000n\000u\000a\000l}{subsection.6.13.3}
\BOOKMARK [3][-]{subsubsection.6.13.3.7}{\376\377\000a\000c\000t\000i\000o\000n\000R\000e\000m\000o\000v\000e\000r\000\137\000F\000u\000n\000c\000i\000o\000n\000a\000r\000i\000o\000s}{subsection.6.13.3}
\BOOKMARK [3][-]{subsubsection.6.13.3.8}{\376\377\000a\000c\000t\000i\000o\000n\000S\000o\000b\000r\000e\000\137\000M\000e\000c\000a\000j\000u\000n}{subsection.6.13.3}
\BOOKMARK [3][-]{subsubsection.6.13.3.9}{\376\377\000a\000c\000t\000i\000o\000n\000S\000o\000b\000r\000e\000\137\000Q\000t}{subsection.6.13.3}
\BOOKMARK [3][-]{subsubsection.6.13.3.10}{\376\377\000c\000e\000n\000t\000r\000a\000l\000w\000i\000d\000g\000e\000t}{subsection.6.13.3}
\BOOKMARK [3][-]{subsubsection.6.13.3.11}{\376\377\000h\000o\000r\000i\000z\000o\000n\000t\000a\000l\000L\000a\000y\000o\000u\000t}{subsection.6.13.3}
\BOOKMARK [3][-]{subsubsection.6.13.3.12}{\376\377\000l\000a\000b\000e\000l\000\137\000d\000e\000s\000c\000r\000i\000c\000a\000o}{subsection.6.13.3}
\BOOKMARK [3][-]{subsubsection.6.13.3.13}{\376\377\000l\000a\000b\000e\000l\000\137\000e\000m\000p\000r\000e\000s\000a}{subsection.6.13.3}
\BOOKMARK [3][-]{subsubsection.6.13.3.14}{\376\377\000l\000a\000b\000e\000l\000\137\000f\000u\000n\000c\000i\000o\000n\000a\000r\000i\000o\000s}{subsection.6.13.3}
\BOOKMARK [3][-]{subsubsection.6.13.3.15}{\376\377\000l\000a\000b\000e\000l\000\137\000m\000a\000t\000r\000i\000c\000u\000l\000a}{subsection.6.13.3}
\BOOKMARK [3][-]{subsubsection.6.13.3.16}{\376\377\000l\000a\000b\000e\000l\000\137\000r\000e\000l\000o\000g\000i\000o}{subsection.6.13.3}
\BOOKMARK [3][-]{subsubsection.6.13.3.17}{\376\377\000l\000a\000y\000o\000u\000t\000W\000i\000d\000g\000e\000t}{subsection.6.13.3}
\BOOKMARK [3][-]{subsubsection.6.13.3.18}{\376\377\000l\000a\000y\000o\000u\000t\000W\000i\000d\000g\000e\000t\0001}{subsection.6.13.3}
\BOOKMARK [3][-]{subsubsection.6.13.3.19}{\376\377\000l\000i\000n\000e\000E\000d\000i\000t\000\137\000m\000a\000t\000r\000i\000c\000u\000l\000a}{subsection.6.13.3}
\BOOKMARK [3][-]{subsubsection.6.13.3.20}{\376\377\000l\000i\000s\000t\000V\000i\000e\000w\000\137\000f\000u\000n\000c\000i\000o\000n\000a\000r\000i\000o\000s\000\137\000h\000o\000r\000a\000r\000i\000o\000s}{subsection.6.13.3}
\BOOKMARK [3][-]{subsubsection.6.13.3.21}{\376\377\000m\000e\000n\000u\000A\000d\000m\000i\000n\000i\000s\000t\000r\000a\000\137\000o}{subsection.6.13.3}
\BOOKMARK [3][-]{subsubsection.6.13.3.22}{\376\377\000m\000e\000n\000u\000A\000j\000u\000d\000a}{subsection.6.13.3}
\BOOKMARK [3][-]{subsubsection.6.13.3.23}{\376\377\000m\000e\000n\000u\000b\000a\000r}{subsection.6.13.3}
\BOOKMARK [3][-]{subsubsection.6.13.3.24}{\376\377\000p\000u\000s\000h\000B\000u\000t\000t\000o\000n\000\137\000h\000o\000r\000a\000r\000i\000o\000s}{subsection.6.13.3}
\BOOKMARK [3][-]{subsubsection.6.13.3.25}{\376\377\000s\000t\000a\000t\000u\000s\000b\000a\000r}{subsection.6.13.3}
\BOOKMARK [3][-]{subsubsection.6.13.3.26}{\376\377\000v\000e\000r\000t\000i\000c\000a\000l\000L\000a\000y\000o\000u\000t}{subsection.6.13.3}
\BOOKMARK [3][-]{subsubsection.6.13.3.27}{\376\377\000v\000e\000r\000t\000i\000c\000a\000l\000L\000a\000y\000o\000u\000t\000\137\0002}{subsection.6.13.3}
\BOOKMARK [3][-]{subsubsection.6.13.3.28}{\376\377\000w\000i\000d\000g\000e\000t\000\137\000l\000o\000g\000o}{subsection.6.13.3}
\BOOKMARK [1][-]{section.6.14}{\376\377\000R\000e\000f\000e\000r\000\352\000n\000c\000i\000a\000\040\000\340\000\040\000c\000l\000a\000s\000s\000e\000\040\000m\000a\000i\000n\000W\000i\000n\000d\000o\000w\000\137\000t\000e\000m\000p\000.\000U\000i\000\137\000C\000o\000n\000t\000r\000o\000l\000e\000D\000e\000A\000c\000e\000s\000s\000o}{chapter.6}
\BOOKMARK [2][-]{subsection.6.14.1}{\376\377\000D\000e\000s\000c\000r\000i\000\347\000\343\000o\000\040\000d\000e\000t\000a\000l\000h\000a\000d\000a}{section.6.14}
\BOOKMARK [2][-]{subsection.6.14.2}{\376\377\000D\000o\000c\000u\000m\000e\000n\000t\000a\000\347\000\343\000o\000\040\000d\000o\000s\000\040\000m\000\351\000t\000o\000d\000o\000s}{section.6.14}
\BOOKMARK [3][-]{subsubsection.6.14.2.1}{\376\377\000r\000e\000t\000r\000a\000n\000s\000l\000a\000t\000e\000U\000i}{subsection.6.14.2}
\BOOKMARK [3][-]{subsubsection.6.14.2.2}{\376\377\000s\000e\000t\000u\000p\000U\000i}{subsection.6.14.2}
\BOOKMARK [2][-]{subsection.6.14.3}{\376\377\000D\000o\000c\000u\000m\000e\000n\000t\000a\000\347\000\343\000o\000\040\000d\000o\000s\000\040\000d\000a\000d\000o\000s\000\040\000m\000e\000m\000b\000r\000o}{section.6.14}
\BOOKMARK [3][-]{subsubsection.6.14.3.1}{\376\377\000c\000e\000n\000t\000r\000a\000l\000w\000i\000d\000g\000e\000t}{subsection.6.14.3}
\BOOKMARK [3][-]{subsubsection.6.14.3.2}{\376\377\000h\000o\000r\000i\000z\000o\000n\000t\000a\000l\000L\000a\000y\000o\000u\000t}{subsection.6.14.3}
\BOOKMARK [3][-]{subsubsection.6.14.3.3}{\376\377\000l\000a\000b\000e\000l\000\137\000d\000e\000s\000c\000r\000i\000c\000a\000o}{subsection.6.14.3}
\BOOKMARK [3][-]{subsubsection.6.14.3.4}{\376\377\000l\000a\000b\000e\000l\000\137\000e\000m\000p\000r\000e\000s\000a}{subsection.6.14.3}
\BOOKMARK [3][-]{subsubsection.6.14.3.5}{\376\377\000l\000a\000b\000e\000l\000\137\000f\000u\000n\000c\000i\000o\000n\000a\000r\000i\000o\000s}{subsection.6.14.3}
\BOOKMARK [3][-]{subsubsection.6.14.3.6}{\376\377\000l\000a\000b\000e\000l\000\137\000m\000a\000t\000r\000i\000c\000u\000l\000a}{subsection.6.14.3}
\BOOKMARK [3][-]{subsubsection.6.14.3.7}{\376\377\000l\000a\000b\000e\000l\000\137\000r\000e\000l\000o\000g\000i\000o}{subsection.6.14.3}
\BOOKMARK [3][-]{subsubsection.6.14.3.8}{\376\377\000l\000i\000n\000e\000E\000d\000i\000t\000\137\000m\000a\000t\000r\000i\000c\000u\000l\000a}{subsection.6.14.3}
\BOOKMARK [3][-]{subsubsection.6.14.3.9}{\376\377\000l\000i\000s\000t\000V\000i\000e\000w\000\137\000f\000u\000n\000c\000i\000o\000n\000a\000r\000i\000o\000s\000\137\000h\000o\000r\000a\000r\000i\000o\000s}{subsection.6.14.3}
\BOOKMARK [3][-]{subsubsection.6.14.3.10}{\376\377\000m\000e\000n\000u\000b\000a\000r}{subsection.6.14.3}
\BOOKMARK [3][-]{subsubsection.6.14.3.11}{\376\377\000p\000u\000s\000h\000B\000u\000t\000t\000o\000n\000\137\000A\000d\000m\000i\000n\000i\000s\000t\000r\000a\000c\000a\000o}{subsection.6.14.3}
\BOOKMARK [3][-]{subsubsection.6.14.3.12}{\376\377\000p\000u\000s\000h\000B\000u\000t\000t\000o\000n\000\137\000h\000o\000r\000a\000r\000i\000o\000s}{subsection.6.14.3}
\BOOKMARK [3][-]{subsubsection.6.14.3.13}{\376\377\000s\000t\000a\000t\000u\000s\000b\000a\000r}{subsection.6.14.3}
\BOOKMARK [3][-]{subsubsection.6.14.3.14}{\376\377\000v\000e\000r\000t\000i\000c\000a\000l\000L\000a\000y\000o\000u\000t}{subsection.6.14.3}
\BOOKMARK [3][-]{subsubsection.6.14.3.15}{\376\377\000v\000e\000r\000t\000i\000c\000a\000l\000L\000a\000y\000o\000u\000t\000\137\0002}{subsection.6.14.3}
\BOOKMARK [3][-]{subsubsection.6.14.3.16}{\376\377\000w\000i\000d\000g\000e\000t}{subsection.6.14.3}
\BOOKMARK [3][-]{subsubsection.6.14.3.17}{\376\377\000w\000i\000d\000g\000e\000t\0001}{subsection.6.14.3}
\BOOKMARK [3][-]{subsubsection.6.14.3.18}{\376\377\000w\000i\000d\000g\000e\000t\000\137\000l\000o\000g\000o}{subsection.6.14.3}
\BOOKMARK [1][-]{section.6.15}{\376\377\000R\000e\000f\000e\000r\000\352\000n\000c\000i\000a\000\040\000\340\000\040\000c\000l\000a\000s\000s\000e\000\040\000c\000d\000a\000\137\000h\000o\000r\000a\000r\000i\000o\000s\000.\000U\000i\000\137\000H\000o\000r\000a\000r\000i\000o\000s\000\137\000W\000i\000n\000d\000o\000w}{chapter.6}
\BOOKMARK [2][-]{subsection.6.15.1}{\376\377\000D\000e\000s\000c\000r\000i\000\347\000\343\000o\000\040\000d\000e\000t\000a\000l\000h\000a\000d\000a}{section.6.15}
\BOOKMARK [2][-]{subsection.6.15.2}{\376\377\000D\000o\000c\000u\000m\000e\000n\000t\000a\000\347\000\343\000o\000\040\000d\000o\000s\000\040\000m\000\351\000t\000o\000d\000o\000s}{section.6.15}
\BOOKMARK [3][-]{subsubsection.6.15.2.1}{\376\377\000r\000e\000t\000r\000a\000n\000s\000l\000a\000t\000e\000U\000i}{subsection.6.15.2}
\BOOKMARK [3][-]{subsubsection.6.15.2.2}{\376\377\000s\000e\000t\000u\000p\000U\000i}{subsection.6.15.2}
\BOOKMARK [2][-]{subsection.6.15.3}{\376\377\000D\000o\000c\000u\000m\000e\000n\000t\000a\000\347\000\343\000o\000\040\000d\000o\000s\000\040\000d\000a\000d\000o\000s\000\040\000m\000e\000m\000b\000r\000o}{section.6.15}
\BOOKMARK [3][-]{subsubsection.6.15.3.1}{\376\377\000c\000e\000n\000t\000r\000a\000l\000w\000i\000d\000g\000e\000t}{subsection.6.15.3}
\BOOKMARK [3][-]{subsubsection.6.15.3.2}{\376\377\000t\000a\000b\000l\000e\000V\000i\000e\000w\000\137\000h\000o\000r\000a\000r\000i\000o\000s}{subsection.6.15.3}
\BOOKMARK [1][-]{section.6.16}{\376\377\000R\000e\000f\000e\000r\000\352\000n\000c\000i\000a\000\040\000\340\000\040\000c\000l\000a\000s\000s\000e\000\040\000c\000d\000a\000\137\000r\000e\000l\000a\000t\000o\000r\000i\000o\000s\000.\000U\000i\000\137\000R\000e\000l\000a\000t\000o\000r\000i\000o\000s\000\137\000W\000i\000n\000d\000o\000w}{chapter.6}
\BOOKMARK [2][-]{subsection.6.16.1}{\376\377\000D\000e\000s\000c\000r\000i\000\347\000\343\000o\000\040\000d\000e\000t\000a\000l\000h\000a\000d\000a}{section.6.16}
\BOOKMARK [2][-]{subsection.6.16.2}{\376\377\000D\000o\000c\000u\000m\000e\000n\000t\000a\000\347\000\343\000o\000\040\000d\000o\000s\000\040\000m\000\351\000t\000o\000d\000o\000s}{section.6.16}
\BOOKMARK [3][-]{subsubsection.6.16.2.1}{\376\377\000r\000e\000t\000r\000a\000n\000s\000l\000a\000t\000e\000U\000i}{subsection.6.16.2}
\BOOKMARK [3][-]{subsubsection.6.16.2.2}{\376\377\000s\000e\000t\000u\000p\000U\000i}{subsection.6.16.2}
\BOOKMARK [2][-]{subsection.6.16.3}{\376\377\000D\000o\000c\000u\000m\000e\000n\000t\000a\000\347\000\343\000o\000\040\000d\000o\000s\000\040\000d\000a\000d\000o\000s\000\040\000m\000e\000m\000b\000r\000o}{section.6.16}
\BOOKMARK [3][-]{subsubsection.6.16.3.1}{\376\377\000c\000e\000n\000t\000r\000a\000l\000w\000i\000d\000g\000e\000t}{subsection.6.16.3}
\BOOKMARK [3][-]{subsubsection.6.16.3.2}{\376\377\000c\000h\000e\000c\000k\000B\000o\000x\000\137\000a\000t\000r\000a\000s\000a\000d\000o\000s}{subsection.6.16.3}
\BOOKMARK [3][-]{subsubsection.6.16.3.3}{\376\377\000c\000h\000e\000c\000k\000B\000o\000x\000\137\000f\000a\000l\000t\000o\000s\000o\000s}{subsection.6.16.3}
\BOOKMARK [3][-]{subsubsection.6.16.3.4}{\376\377\000c\000h\000e\000c\000k\000B\000o\000x\000\137\000p\000o\000n\000t\000u\000a\000i\000s}{subsection.6.16.3}
\BOOKMARK [3][-]{subsubsection.6.16.3.5}{\376\377\000d\000a\000t\000e\000T\000i\000m\000e\000E\000d\000i\000t\000\137\000f\000i\000n\000a\000l}{subsection.6.16.3}
\BOOKMARK [3][-]{subsubsection.6.16.3.6}{\376\377\000d\000a\000t\000e\000T\000i\000m\000e\000E\000d\000i\000t\000\137\000i\000n\000i\000c\000i\000a\000l}{subsection.6.16.3}
\BOOKMARK [3][-]{subsubsection.6.16.3.7}{\376\377\000h\000o\000r\000i\000z\000o\000n\000t\000a\000l\000L\000a\000y\000o\000u\000t}{subsection.6.16.3}
\BOOKMARK [3][-]{subsubsection.6.16.3.8}{\376\377\000l\000a\000b\000e\000l}{subsection.6.16.3}
\BOOKMARK [3][-]{subsubsection.6.16.3.9}{\376\377\000l\000a\000b\000e\000l\000\137\0002}{subsection.6.16.3}
\BOOKMARK [3][-]{subsubsection.6.16.3.10}{\376\377\000l\000a\000y\000o\000u\000t\000W\000i\000d\000g\000e\000t}{subsection.6.16.3}
\BOOKMARK [3][-]{subsubsection.6.16.3.11}{\376\377\000l\000a\000y\000o\000u\000t\000W\000i\000d\000g\000e\000t\0001}{subsection.6.16.3}
\BOOKMARK [3][-]{subsubsection.6.16.3.12}{\376\377\000l\000a\000y\000o\000u\000t\000W\000i\000d\000g\000e\000t\0002}{subsection.6.16.3}
\BOOKMARK [3][-]{subsubsection.6.16.3.13}{\376\377\000m\000e\000n\000u\000b\000a\000r}{subsection.6.16.3}
\BOOKMARK [3][-]{subsubsection.6.16.3.14}{\376\377\000p\000u\000s\000h\000B\000u\000t\000t\000o\000n\000\137\000l\000o\000g\000\137\000p\000o\000r\000t\000a}{subsection.6.16.3}
\BOOKMARK [3][-]{subsubsection.6.16.3.15}{\376\377\000p\000u\000s\000h\000B\000u\000t\000t\000o\000n\000\137\000r\000e\000l\000a\000t\000o\000r\000i\000o\000\137\000p\000o\000n\000t\000o\000s}{subsection.6.16.3}
\BOOKMARK [3][-]{subsubsection.6.16.3.16}{\376\377\000v\000e\000r\000t\000i\000c\000a\000l\000L\000a\000y\000o\000u\000t}{subsection.6.16.3}
\BOOKMARK [3][-]{subsubsection.6.16.3.17}{\376\377\000v\000e\000r\000t\000i\000c\000a\000l\000L\000a\000y\000o\000u\000t\000\137\0002}{subsection.6.16.3}
\BOOKMARK [1][-]{section.6.17}{\376\377\000R\000e\000f\000e\000r\000\352\000n\000c\000i\000a\000\040\000\340\000\040\000c\000l\000a\000s\000s\000e\000\040\000c\000d\000a\000\137\000t\000o\000l\000e\000r\000a\000n\000c\000i\000a\000s\000.\000U\000i\000\137\000T\000o\000l\000e\000r\000a\000n\000c\000i\000a\000s\000\137\000W\000i\000n\000d\000o\000w}{chapter.6}
\BOOKMARK [2][-]{subsection.6.17.1}{\376\377\000D\000e\000s\000c\000r\000i\000\347\000\343\000o\000\040\000d\000e\000t\000a\000l\000h\000a\000d\000a}{section.6.17}
\BOOKMARK [2][-]{subsection.6.17.2}{\376\377\000D\000o\000c\000u\000m\000e\000n\000t\000a\000\347\000\343\000o\000\040\000d\000o\000s\000\040\000m\000\351\000t\000o\000d\000o\000s}{section.6.17}
\BOOKMARK [3][-]{subsubsection.6.17.2.1}{\376\377\000r\000e\000t\000r\000a\000n\000s\000l\000a\000t\000e\000U\000i}{subsection.6.17.2}
\BOOKMARK [3][-]{subsubsection.6.17.2.2}{\376\377\000r\000e\000t\000r\000a\000n\000s\000l\000a\000t\000e\000U\000i}{subsection.6.17.2}
\BOOKMARK [3][-]{subsubsection.6.17.2.3}{\376\377\000r\000e\000t\000r\000a\000n\000s\000l\000a\000t\000e\000U\000i}{subsection.6.17.2}
\BOOKMARK [3][-]{subsubsection.6.17.2.4}{\376\377\000r\000e\000t\000r\000a\000n\000s\000l\000a\000t\000e\000U\000i}{subsection.6.17.2}
\BOOKMARK [3][-]{subsubsection.6.17.2.5}{\376\377\000s\000e\000t\000u\000p\000U\000i}{subsection.6.17.2}
\BOOKMARK [3][-]{subsubsection.6.17.2.6}{\376\377\000s\000e\000t\000u\000p\000U\000i}{subsection.6.17.2}
\BOOKMARK [3][-]{subsubsection.6.17.2.7}{\376\377\000s\000e\000t\000u\000p\000U\000i}{subsection.6.17.2}
\BOOKMARK [3][-]{subsubsection.6.17.2.8}{\376\377\000s\000e\000t\000u\000p\000U\000i}{subsection.6.17.2}
\BOOKMARK [2][-]{subsection.6.17.3}{\376\377\000D\000o\000c\000u\000m\000e\000n\000t\000a\000\347\000\343\000o\000\040\000d\000o\000s\000\040\000d\000a\000d\000o\000s\000\040\000m\000e\000m\000b\000r\000o}{section.6.17}
\BOOKMARK [3][-]{subsubsection.6.17.3.1}{\376\377\000c\000e\000n\000t\000r\000a\000l\000w\000i\000d\000g\000e\000t}{subsection.6.17.3}
\BOOKMARK [3][-]{subsubsection.6.17.3.2}{\376\377\000h\000o\000r\000i\000z\000o\000n\000t\000a\000l\000L\000a\000y\000o\000u\000t}{subsection.6.17.3}
\BOOKMARK [3][-]{subsubsection.6.17.3.3}{\376\377\000h\000o\000r\000i\000z\000o\000n\000t\000a\000l\000L\000a\000y\000o\000u\000t\000\137\0002}{subsection.6.17.3}
\BOOKMARK [3][-]{subsubsection.6.17.3.4}{\376\377\000h\000o\000r\000i\000z\000o\000n\000t\000a\000l\000L\000a\000y\000o\000u\000t\000\137\0003}{subsection.6.17.3}
\BOOKMARK [3][-]{subsubsection.6.17.3.5}{\376\377\000l\000a\000b\000e\000l}{subsection.6.17.3}
\BOOKMARK [3][-]{subsubsection.6.17.3.6}{\376\377\000l\000a\000b\000e\000l\000\137\0002}{subsection.6.17.3}
\BOOKMARK [3][-]{subsubsection.6.17.3.7}{\376\377\000l\000a\000b\000e\000l\000\137\0003}{subsection.6.17.3}
\BOOKMARK [3][-]{subsubsection.6.17.3.8}{\376\377\000l\000a\000b\000e\000l\000\137\0004}{subsection.6.17.3}
\BOOKMARK [3][-]{subsubsection.6.17.3.9}{\376\377\000l\000a\000b\000e\000l\000\137\0005}{subsection.6.17.3}
\BOOKMARK [3][-]{subsubsection.6.17.3.10}{\376\377\000l\000a\000b\000e\000l\000\137\0006}{subsection.6.17.3}
\BOOKMARK [3][-]{subsubsection.6.17.3.11}{\376\377\000l\000a\000b\000e\000l\000\137\0007}{subsection.6.17.3}
\BOOKMARK [3][-]{subsubsection.6.17.3.12}{\376\377\000l\000a\000y\000o\000u\000t\000W\000i\000d\000g\000e\000t}{subsection.6.17.3}
\BOOKMARK [3][-]{subsubsection.6.17.3.13}{\376\377\000m\000e\000n\000u\000b\000a\000r}{subsection.6.17.3}
\BOOKMARK [3][-]{subsubsection.6.17.3.14}{\376\377\000p\000u\000s\000h\000B\000u\000t\000t\000o\000n\000\137\000s\000a\000l\000v\000a\000r}{subsection.6.17.3}
\BOOKMARK [3][-]{subsubsection.6.17.3.15}{\376\377\000s\000t\000a\000t\000u\000s\000b\000a\000r}{subsection.6.17.3}
\BOOKMARK [3][-]{subsubsection.6.17.3.16}{\376\377\000t\000i\000m\000e\000E\000d\000i\000t\000\137\000a\000t\000r\000a\000s\000o}{subsection.6.17.3}
\BOOKMARK [3][-]{subsubsection.6.17.3.17}{\376\377\000t\000i\000m\000e\000E\000d\000i\000t\000\137\000e\000n\000t\000r\000a\000d\000a\000\137\000a\000n\000t\000e\000s}{subsection.6.17.3}
\BOOKMARK [3][-]{subsubsection.6.17.3.18}{\376\377\000t\000i\000m\000e\000E\000d\000i\000t\000\137\000e\000n\000t\000r\000a\000d\000a\000\137\000d\000e\000p\000o\000i\000s}{subsection.6.17.3}
\BOOKMARK [3][-]{subsubsection.6.17.3.19}{\376\377\000t\000i\000m\000e\000E\000d\000i\000t\000\137\000s\000a\000i\000d\000a\000\137\000a\000n\000t\000e\000s}{subsection.6.17.3}
\BOOKMARK [3][-]{subsubsection.6.17.3.20}{\376\377\000t\000i\000m\000e\000E\000d\000i\000t\000\137\000s\000a\000i\000d\000a\000\137\000d\000e\000p\000o\000i\000s}{subsection.6.17.3}
\BOOKMARK [3][-]{subsubsection.6.17.3.21}{\376\377\000v\000e\000r\000t\000i\000c\000a\000l\000L\000a\000y\000o\000u\000t}{subsection.6.17.3}
\BOOKMARK [3][-]{subsubsection.6.17.3.22}{\376\377\000w\000i\000d\000g\000e\000t}{subsection.6.17.3}
\BOOKMARK [0][-]{chapter.7}{\376\377\000D\000o\000c\000u\000m\000e\000n\000t\000a\000\347\000\343\000o\000\040\000d\000o\000\040\000f\000i\000c\000h\000e\000i\000r\000o}{}
\BOOKMARK [1][-]{section.7.1}{\376\377\000R\000e\000f\000e\000r\000\352\000n\000c\000i\000a\000\040\000a\000o\000\040\000f\000i\000c\000h\000e\000i\000r\000o\000\040\000a\000u\000x\000i\000l\000i\000a\000r\000e\000s\000.\000p\000y}{chapter.7}
\BOOKMARK [1][-]{section.7.2}{\376\377\000R\000e\000f\000e\000r\000\352\000n\000c\000i\000a\000\040\000a\000o\000\040\000f\000i\000c\000h\000e\000i\000r\000o\000\040\000c\000d\000a\000\137\000a\000l\000t\000e\000r\000a\000s\000e\000n\000h\000a\000.\000p\000y}{chapter.7}
\BOOKMARK [1][-]{section.7.3}{\376\377\000R\000e\000f\000e\000r\000\352\000n\000c\000i\000a\000\040\000a\000o\000\040\000f\000i\000c\000h\000e\000i\000r\000o\000\040\000c\000d\000a\000\137\000f\000u\000n\000c\000i\000o\000n\000a\000r\000i\000o\000s\000.\000p\000y}{chapter.7}
\BOOKMARK [1][-]{section.7.4}{\376\377\000R\000e\000f\000e\000r\000\352\000n\000c\000i\000a\000\040\000a\000o\000\040\000f\000i\000c\000h\000e\000i\000r\000o\000\040\000c\000d\000a\000\137\000h\000o\000r\000a\000r\000i\000o\000s\000.\000p\000y}{chapter.7}
\BOOKMARK [1][-]{section.7.5}{\376\377\000R\000e\000f\000e\000r\000\352\000n\000c\000i\000a\000\040\000a\000o\000\040\000f\000i\000c\000h\000e\000i\000r\000o\000\040\000c\000d\000a\000\137\000m\000a\000i\000n\000W\000i\000n\000d\000o\000w\000.\000p\000y}{chapter.7}
\BOOKMARK [1][-]{section.7.6}{\376\377\000R\000e\000f\000e\000r\000\352\000n\000c\000i\000a\000\040\000a\000o\000\040\000f\000i\000c\000h\000e\000i\000r\000o\000\040\000c\000d\000a\000\137\000r\000e\000l\000a\000t\000o\000r\000i\000o\000s\000.\000p\000y}{chapter.7}
\BOOKMARK [1][-]{section.7.7}{\376\377\000R\000e\000f\000e\000r\000\352\000n\000c\000i\000a\000\040\000a\000o\000\040\000f\000i\000c\000h\000e\000i\000r\000o\000\040\000c\000d\000a\000\137\000t\000o\000l\000e\000r\000a\000n\000c\000i\000a\000s\000.\000p\000y}{chapter.7}
\BOOKMARK [1][-]{section.7.8}{\376\377\000R\000e\000f\000e\000r\000\352\000n\000c\000i\000a\000\040\000a\000o\000\040\000f\000i\000c\000h\000e\000i\000r\000o\000\040\000c\000d\000a\000\137\000v\000a\000l\000i\000d\000a\000r\000s\000e\000n\000h\000a\000.\000p\000y}{chapter.7}
\BOOKMARK [1][-]{section.7.9}{\376\377\000R\000e\000f\000e\000r\000\352\000n\000c\000i\000a\000\040\000a\000o\000\040\000f\000i\000c\000h\000e\000i\000r\000o\000\040\000m\000a\000i\000n\000W\000i\000n\000d\000o\000w\000\137\000t\000e\000m\000p\000.\000p\000y}{chapter.7}
\BOOKMARK [1][-]{section.7.10}{\376\377\000R\000e\000f\000e\000r\000\352\000n\000c\000i\000a\000\040\000a\000o\000\040\000f\000i\000c\000h\000e\000i\000r\000o\000\040\000m\000o\000d\000e\000l\000\137\000m\000y\000s\000q\000l\000.\000p\000y}{chapter.7}
\BOOKMARK [1][-]{section.7.11}{\376\377\000R\000e\000f\000e\000r\000\352\000n\000c\000i\000a\000\040\000a\000o\000\040\000f\000i\000c\000h\000e\000i\000r\000o\000\040\000v\000i\000e\000w\000.\000p\000y}{chapter.7}
